#
# There is insufficient memory for the Java Runtime Environment to continue.
# Native memory allocation (malloc) failed to allocate 1984176 bytes for Chunk::new
# Possible reasons:
#   The system is out of physical RAM or swap space
#   The process is running with CompressedOops enabled, and the Java Heap may be blocking the growth of the native heap
# Possible solutions:
#   Reduce memory load on the system
#   Increase physical memory or swap space
#   Check if swap backing store is full
#   Decrease Java heap size (-Xmx/-Xms)
#   Decrease number of Java threads
#   Decrease Java thread stack sizes (-Xss)
#   Set larger code cache with -XX:ReservedCodeCacheSize=
#   JVM is running with Unscaled Compressed Oops mode in which the Java heap is
#     placed in the first 4GB address space. The Java Heap base address is the
#     maximum limit for the native heap growth. Please use -XX:HeapBaseMinAddress
#     to set the Java Heap base and to place the Java Heap above 4GB virtual address.
# This output file may be truncated or incomplete.
#
#  Out of Memory Error (allocation.cpp:389), pid=33552, tid=0x00000000000084bc
#
# JRE version: OpenJDK Runtime Environment (8.0_242-b01) (build 1.8.0_242-release-1644-b01)
# Java VM: OpenJDK 64-Bit Server VM (25.242-b01 mixed mode windows-amd64 compressed oops)
# Failed to write core dump. Minidumps are not enabled by default on client versions of Windows
#

---------------  T H R E A D  ---------------

Current thread (0x0000000017828000):  JavaThread "C2 CompilerThread0" daemon [_thread_in_native, id=33980, stack(0x0000000018fc0000,0x00000000190c0000)]

Stack: [0x0000000018fc0000,0x00000000190c0000]
[error occurred during error reporting (printing stack bounds), id 0xc0000005]

Native frames: (J=compiled Java code, j=interpreted, Vv=VM code, C=native code)


Current CompileTask:
C2:1514457 13809 %     4       groovy.lang.MetaClassImpl::inheritInterfaceNewMetaMethods @ 104 (199 bytes)


---------------  P R O C E S S  ---------------

Java Threads: ( => current thread )
  0x000000001b844800 JavaThread "Asynchronous log dispatcher for DefaultDaemonConnection: socket connection from /127.0.0.1:2593 to /127.0.0.1:3669" [_thread_blocked, id=42372, stack(0x000000001d130000,0x000000001d230000)]
  0x000000001b843800 JavaThread "Daemon worker Thread 6" [_thread_blocked, id=43540, stack(0x000000001ce30000,0x000000001cf30000)]
  0x000000001b840000 JavaThread "Cancel handler" [_thread_blocked, id=44124, stack(0x000000001cd30000,0x000000001ce30000)]
  0x000000001b842000 JavaThread "Handler for socket connection from /127.0.0.1:2593 to /127.0.0.1:3669" [_thread_in_native, id=43028, stack(0x000000001ca30000,0x000000001cb30000)]
  0x000000001b843000 JavaThread "Daemon Thread 6" [_thread_blocked, id=43904, stack(0x000000001c930000,0x000000001ca30000)]
  0x000000001b847800 JavaThread "Cache worker for file content cache (C:\Users\SHADOWRATH\.gradle\caches\6.1.1\fileContent)" [_thread_blocked, id=43244, stack(0x0000000024470000,0x0000000024570000)]
  0x000000001b847000 JavaThread "Memory manager" [_thread_blocked, id=43240, stack(0x0000000024370000,0x0000000024470000)]
  0x000000001b5fb800 JavaThread "Cache worker for execution history cache (C:\Users\SHADOWRATH\.gradle\caches\6.1.1\executionHistory)" [_thread_blocked, id=41404, stack(0x0000000021310000,0x0000000021410000)]
  0x000000001b5f7000 JavaThread "Cache worker for file hash cache (C:\Users\SHADOWRATH\.gradle\caches\6.1.1\fileHashes)" [_thread_blocked, id=42752, stack(0x000000001fd40000,0x000000001fe40000)]
  0x000000001b5f6000 JavaThread "File lock request listener" [_thread_in_native, id=42708, stack(0x000000001d530000,0x000000001d630000)]
  0x000000001b5f4800 JavaThread "Cache worker for journal cache (C:\Users\SHADOWRATH\.gradle\caches\journal-1)" [_thread_blocked, id=42464, stack(0x000000001d430000,0x000000001d530000)]
  0x000000001b3e9000 JavaThread "Daemon periodic checks" [_thread_blocked, id=42168, stack(0x000000001c830000,0x000000001c930000)]
  0x000000001b3e8000 JavaThread "Incoming local TCP Connector on port 2593" [_thread_in_native, id=42260, stack(0x000000001c640000,0x000000001c740000)]
  0x000000001b38b800 JavaThread "Daemon health stats" [_thread_blocked, id=42932, stack(0x000000001c060000,0x000000001c160000)]
  0x00000000191d0800 JavaThread "Service Thread" daemon [_thread_blocked, id=32164, stack(0x00000000196c0000,0x00000000197c0000)]
  0x00000000191c3000 JavaThread "C1 CompilerThread2" daemon [_thread_blocked, id=41312, stack(0x00000000195c0000,0x00000000196c0000)]
  0x0000000017878000 JavaThread "C2 CompilerThread1" daemon [_thread_in_native, id=30204, stack(0x00000000190c0000,0x00000000191c0000)]
=>0x0000000017828000 JavaThread "C2 CompilerThread0" daemon [_thread_in_native, id=33980, stack(0x0000000018fc0000,0x00000000190c0000)]
  0x0000000017826000 JavaThread "Attach Listener" daemon [_thread_blocked, id=42056, stack(0x0000000018ec0000,0x0000000018fc0000)]
  0x0000000017825000 JavaThread "Signal Dispatcher" daemon [_thread_blocked, id=42064, stack(0x0000000018dc0000,0x0000000018ec0000)]
  0x0000000002bfd000 JavaThread "Finalizer" daemon [_thread_blocked, id=42072, stack(0x0000000018a90000,0x0000000018b90000)]
  0x0000000017809000 JavaThread "Reference Handler" daemon [_thread_blocked, id=39832, stack(0x0000000018990000,0x0000000018a90000)]
  0x0000000002b02800 JavaThread "main" [_thread_blocked, id=42040, stack(0x0000000002a00000,0x0000000002b00000)]

Other Threads:
  0x00000000177e6800 VMThread [stack: 0x0000000018890000,0x0000000018990000] [id=38732]
  0x00000000191d1800 WatcherThread [stack: 0x00000000197c0000,0x00000000198c0000] [id=42052]

VM state:not at safepoint (normal execution)

VM Mutex/Monitor currently owned by a thread: None

heap address: 0x0000000080000000, size: 2048 MB, Compressed Oops mode: 32-bit
Narrow klass base: 0x0000000000000000, Narrow klass shift: 3
Compressed class space size: 1073741824 Address: 0x0000000100000000

Heap:
 PSYoungGen      total 665600K, used 55553K [0x00000000d5580000, 0x0000000100000000, 0x0000000100000000)
  eden space 639488K, 4% used [0x00000000d5580000,0x00000000d72644d8,0x00000000fc600000)
  from space 26112K, 99% used [0x00000000fc600000,0x00000000fdf5c088,0x00000000fdf80000)
  to   space 32768K, 0% used [0x00000000fe000000,0x00000000fe000000,0x0000000100000000)
 ParOldGen       total 90112K, used 43822K [0x0000000080000000, 0x0000000085800000, 0x00000000d5580000)
  object space 90112K, 48% used [0x0000000080000000,0x0000000082acbb18,0x0000000085800000)
 Metaspace       used 85321K, capacity 89664K, committed 89880K, reserved 1126400K
  class space    used 11176K, capacity 12024K, committed 12080K, reserved 1048576K

Card table byte_map: [0x0000000011fc0000,0x00000000123d0000] byte_map_base: 0x0000000011bc0000

Marking Bits: (ParMarkBitMap*) 0x00000000687bf030
 Begin Bits: [0x0000000012a80000, 0x0000000014a80000)
 End Bits:   [0x0000000014a80000, 0x0000000016a80000)

Polling page: 0x0000000001370000

CodeCache: size=245760Kb used=39045Kb max_used=39545Kb free=206714Kb
 bounds [0x0000000002c00000, 0x0000000005330000, 0x0000000011c00000]
 total_blobs=12345 nmethods=11497 adapters=760
 compilation: enabled

Compilation events (10 events):
Event: 1514.085 Thread 0x00000000191c3000 13949       3       sun.reflect.AccessorGenerator::emitBoxingContantPoolEntries (1417 bytes)
Event: 1514.131 Thread 0x00000000191c3000 nmethod 13949 0x00000000052f4c50 code [0x00000000052f75c0, 0x000000000530dd78]
Event: 1514.131 Thread 0x00000000191c3000 13950       3       java.io.Bits::putBoolean (14 bytes)
Event: 1514.131 Thread 0x00000000191c3000 nmethod 13950 0x00000000032d1950 code [0x00000000032d1aa0, 0x00000000032d1c50]
Event: 1514.131 Thread 0x00000000191c3000 13943       3       sun.reflect.FieldAccessorImpl::<init> (5 bytes)
Event: 1514.132 Thread 0x00000000191c3000 nmethod 13943 0x0000000003661310 code [0x0000000003661480, 0x0000000003661690]
Event: 1514.132 Thread 0x00000000191c3000 13951       1       com.android.dx.rop.cst.CstType::getClassType (5 bytes)
Event: 1514.132 Thread 0x00000000191c3000 nmethod 13951 0x00000000032d2e10 code [0x00000000032d2f60, 0x00000000032d3070]
Event: 1514.188 Thread 0x00000000191c3000 13953   !   3       com.google.common.cache.LocalCache$Segment::clear (261 bytes)
Event: 1514.191 Thread 0x00000000191c3000 nmethod 13953 0x0000000004e98210 code [0x0000000004e98640, 0x0000000004e9afe8]

GC Heap History (10 events):
Event: 29.827 GC heap before
{Heap before GC invocations=10 (full 2):
 PSYoungGen      total 276992K, used 261120K [0x00000000d5580000, 0x00000000f3400000, 0x0000000100000000)
  eden space 261120K, 100% used [0x00000000d5580000,0x00000000e5480000,0x00000000e5480000)
  from space 15872K, 0% used [0x00000000e5480000,0x00000000e5480000,0x00000000e6400000)
  to   space 15360K, 0% used [0x00000000f2500000,0x00000000f2500000,0x00000000f3400000)
 ParOldGen       total 67072K, used 15036K [0x0000000080000000, 0x0000000084180000, 0x00000000d5580000)
  object space 67072K, 22% used [0x0000000080000000,0x0000000080eaf080,0x0000000084180000)
 Metaspace       used 56425K, capacity 58426K, committed 58672K, reserved 1099776K
  class space    used 7732K, capacity 8202K, committed 8240K, reserved 1048576K
Event: 29.864 GC heap after
Heap after GC invocations=10 (full 2):
 PSYoungGen      total 465920K, used 15356K [0x00000000d5580000, 0x00000000f3e00000, 0x0000000100000000)
  eden space 450560K, 0% used [0x00000000d5580000,0x00000000d5580000,0x00000000f0d80000)
  from space 15360K, 99% used [0x00000000f2500000,0x00000000f33ff330,0x00000000f3400000)
  to   space 24064K, 0% used [0x00000000f0d80000,0x00000000f0d80000,0x00000000f2500000)
 ParOldGen       total 67072K, used 30163K [0x0000000080000000, 0x0000000084180000, 0x00000000d5580000)
  object space 67072K, 44% used [0x0000000080000000,0x0000000081d74ed8,0x0000000084180000)
 Metaspace       used 56425K, capacity 58426K, committed 58672K, reserved 1099776K
  class space    used 7732K, capacity 8202K, committed 8240K, reserved 1048576K
}
Event: 29.991 GC heap before
{Heap before GC invocations=11 (full 2):
 PSYoungGen      total 465920K, used 25324K [0x00000000d5580000, 0x00000000f3e00000, 0x0000000100000000)
  eden space 450560K, 2% used [0x00000000d5580000,0x00000000d5f3bf28,0x00000000f0d80000)
  from space 15360K, 99% used [0x00000000f2500000,0x00000000f33ff330,0x00000000f3400000)
  to   space 24064K, 0% used [0x00000000f0d80000,0x00000000f0d80000,0x00000000f2500000)
 ParOldGen       total 67072K, used 30163K [0x0000000080000000, 0x0000000084180000, 0x00000000d5580000)
  object space 67072K, 44% used [0x0000000080000000,0x0000000081d74ed8,0x0000000084180000)
 Metaspace       used 57050K, capacity 58990K, committed 59160K, reserved 1099776K
  class space    used 7808K, capacity 8238K, committed 8240K, reserved 1048576K
Event: 30.014 GC heap after
Heap after GC invocations=11 (full 2):
 PSYoungGen      total 474624K, used 15882K [0x00000000d5580000, 0x0000000100000000, 0x0000000100000000)
  eden space 450560K, 0% used [0x00000000d5580000,0x00000000d5580000,0x00000000f0d80000)
  from space 24064K, 66% used [0x00000000f0d80000,0x00000000f1d02900,0x00000000f2500000)
  to   space 25088K, 0% used [0x00000000fe780000,0x00000000fe780000,0x0000000100000000)
 ParOldGen       total 67072K, used 30171K [0x0000000080000000, 0x0000000084180000, 0x00000000d5580000)
  object space 67072K, 44% used [0x0000000080000000,0x0000000081d76ed8,0x0000000084180000)
 Metaspace       used 57050K, capacity 58990K, committed 59160K, reserved 1099776K
  class space    used 7808K, capacity 8238K, committed 8240K, reserved 1048576K
}
Event: 30.014 GC heap before
{Heap before GC invocations=12 (full 3):
 PSYoungGen      total 474624K, used 15882K [0x00000000d5580000, 0x0000000100000000, 0x0000000100000000)
  eden space 450560K, 0% used [0x00000000d5580000,0x00000000d5580000,0x00000000f0d80000)
  from space 24064K, 66% used [0x00000000f0d80000,0x00000000f1d02900,0x00000000f2500000)
  to   space 25088K, 0% used [0x00000000fe780000,0x00000000fe780000,0x0000000100000000)
 ParOldGen       total 67072K, used 30171K [0x0000000080000000, 0x0000000084180000, 0x00000000d5580000)
  object space 67072K, 44% used [0x0000000080000000,0x0000000081d76ed8,0x0000000084180000)
 Metaspace       used 57050K, capacity 58990K, committed 59160K, reserved 1099776K
  class space    used 7808K, capacity 8238K, committed 8240K, reserved 1048576K
Event: 30.273 GC heap after
Heap after GC invocations=12 (full 3):
 PSYoungGen      total 474624K, used 0K [0x00000000d5580000, 0x0000000100000000, 0x0000000100000000)
  eden space 450560K, 0% used [0x00000000d5580000,0x00000000d5580000,0x00000000f0d80000)
  from space 24064K, 0% used [0x00000000f0d80000,0x00000000f0d80000,0x00000000f2500000)
  to   space 25088K, 0% used [0x00000000fe780000,0x00000000fe780000,0x0000000100000000)
 ParOldGen       total 90112K, used 28122K [0x0000000080000000, 0x0000000085800000, 0x00000000d5580000)
  object space 90112K, 31% used [0x0000000080000000,0x0000000081b76898,0x0000000085800000)
 Metaspace       used 57045K, capacity 58972K, committed 59160K, reserved 1099776K
  class space    used 7806K, capacity 8235K, committed 8240K, reserved 1048576K
}
Event: 564.301 GC heap before
{Heap before GC invocations=13 (full 3):
 PSYoungGen      total 474624K, used 450560K [0x00000000d5580000, 0x0000000100000000, 0x0000000100000000)
  eden space 450560K, 100% used [0x00000000d5580000,0x00000000f0d80000,0x00000000f0d80000)
  from space 24064K, 0% used [0x00000000f0d80000,0x00000000f0d80000,0x00000000f2500000)
  to   space 25088K, 0% used [0x00000000fe780000,0x00000000fe780000,0x0000000100000000)
 ParOldGen       total 90112K, used 28122K [0x0000000080000000, 0x0000000085800000, 0x00000000d5580000)
  object space 90112K, 31% used [0x0000000080000000,0x0000000081b76898,0x0000000085800000)
 Metaspace       used 69784K, capacity 72886K, committed 73112K, reserved 1112064K
  class space    used 9212K, capacity 9884K, committed 9904K, reserved 1048576K
Event: 564.388 GC heap after
Heap after GC invocations=13 (full 3):
 PSYoungGen      total 664576K, used 25068K [0x00000000d5580000, 0x0000000100000000, 0x0000000100000000)
  eden space 639488K, 0% used [0x00000000d5580000,0x00000000d5580000,0x00000000fc600000)
  from space 25088K, 99% used [0x00000000fe780000,0x00000000ffffb000,0x0000000100000000)
  to   space 29696K, 0% used [0x00000000fc600000,0x00000000fc600000,0x00000000fe300000)
 ParOldGen       total 90112K, used 30890K [0x0000000080000000, 0x0000000085800000, 0x00000000d5580000)
  object space 90112K, 34% used [0x0000000080000000,0x0000000081e2a890,0x0000000085800000)
 Metaspace       used 69784K, capacity 72886K, committed 73112K, reserved 1112064K
  class space    used 9212K, capacity 9884K, committed 9904K, reserved 1048576K
}
Event: 1513.634 GC heap before
{Heap before GC invocations=14 (full 3):
 PSYoungGen      total 664576K, used 664556K [0x00000000d5580000, 0x0000000100000000, 0x0000000100000000)
  eden space 639488K, 100% used [0x00000000d5580000,0x00000000fc600000,0x00000000fc600000)
  from space 25088K, 99% used [0x00000000fe780000,0x00000000ffffb000,0x0000000100000000)
  to   space 29696K, 0% used [0x00000000fc600000,0x00000000fc600000,0x00000000fe300000)
 ParOldGen       total 90112K, used 30890K [0x0000000080000000, 0x0000000085800000, 0x00000000d5580000)
  object space 90112K, 34% used [0x0000000080000000,0x0000000081e2a890,0x0000000085800000)
 Metaspace       used 83773K, capacity 87842K, committed 88088K, reserved 1126400K
  class space    used 10966K, capacity 11776K, committed 11824K, reserved 1048576K
Event: 1513.699 GC heap after
Heap after GC invocations=14 (full 3):
 PSYoungGen      total 665600K, used 25968K [0x00000000d5580000, 0x0000000100000000, 0x0000000100000000)
  eden space 639488K, 0% used [0x00000000d5580000,0x00000000d5580000,0x00000000fc600000)
  from space 26112K, 99% used [0x00000000fc600000,0x00000000fdf5c088,0x00000000fdf80000)
  to   space 32768K, 0% used [0x00000000fe000000,0x00000000fe000000,0x0000000100000000)
 ParOldGen       total 90112K, used 43822K [0x0000000080000000, 0x0000000085800000, 0x00000000d5580000)
  object space 90112K, 48% used [0x0000000080000000,0x0000000082acbb18,0x0000000085800000)
 Metaspace       used 83773K, capacity 87842K, committed 88088K, reserved 1126400K
  class space    used 10966K, capacity 11776K, committed 11824K, reserved 1048576K
}

Deoptimization events (10 events):
Event: 1513.237 Thread 0x000000001b843800 Uncommon trap: reason=bimorphic action=maybe_recompile pc=0x00000000048a46e0 method=java.io.PrintStream.write([BII)V @ 16
Event: 1513.270 Thread 0x000000001b843800 Uncommon trap: reason=unloaded action=reinterpret pc=0x0000000003e1fa84 method=sun.reflect.generics.factory.CoreReflectionFactory.makeNamedType(Ljava/lang/String;)Ljava/lang/reflect/Type; @ 11
Event: 1513.507 Thread 0x000000001b843800 Uncommon trap: reason=unstable_if action=reinterpret pc=0x0000000002dd2a1c method=java.lang.String.replace(CC)Ljava/lang/String; @ 2
Event: 1513.530 Thread 0x000000001b843800 Uncommon trap: reason=unstable_if action=reinterpret pc=0x0000000005098eb8 method=groovy.lang.MetaClassImpl$1MOPIter.methodNameAction(Ljava/lang/Class;Lorg/codehaus/groovy/runtime/metaclass/MetaMethodIndex$Entry;)V @ 182
Event: 1513.621 Thread 0x000000001b843800 Uncommon trap: reason=unstable_if action=reinterpret pc=0x0000000003a841ac method=java.lang.Class$MethodArray.removeLessSpecifics()V @ 25
Event: 1513.624 Thread 0x000000001b843800 Uncommon trap: reason=unstable_if action=reinterpret pc=0x0000000005108088 method=org.codehaus.groovy.runtime.metaclass.MetaMethodIndex.addMethodToList(Ljava/lang/Object;Lgroovy/lang/MetaMethod;)Ljava/lang/Object; @ 256
Event: 1513.704 Thread 0x000000001b843800 Uncommon trap: reason=unstable_if action=reinterpret pc=0x00000000030d15d4 method=java.util.WeakHashMap.expungeStaleEntries()V @ 66
Event: 1514.011 Thread 0x000000001b843800 Uncommon trap: reason=unstable_if action=reinterpret pc=0x00000000048ce694 method=java.io.ObjectOutputStream.writeClassDesc(Ljava/io/ObjectStreamClass;Z)V @ 41
Event: 1514.011 Thread 0x000000001b843800 Uncommon trap: reason=unstable_if action=reinterpret pc=0x0000000002d13db8 method=java.lang.reflect.Proxy.isProxyClass(Ljava/lang/Class;)Z @ 6
Event: 1514.019 Thread 0x000000001b843800 Uncommon trap: reason=unstable_if action=reinterpret pc=0x0000000004a63b04 method=java.io.ObjectOutputStream.writeClassDesc(Ljava/io/ObjectStreamClass;Z)V @ 41

Classes redefined (0 events):
No events

Internal exceptions (10 events):
Event: 1513.785 Thread 0x000000001b843800 Exception <a 'java/lang/ClassNotFoundException': org/gradle/api/tasks/SourceSetBeanInfo> (0x00000000d57d9690) thrown at [C:\src\AOSP-openjdk-git\hotspot\src\share\vm\classfile\systemDictionary.cpp, line 210]
Event: 1513.786 Thread 0x000000001b843800 Exception <a 'java/lang/ClassNotFoundException': org/gradle/api/tasks/SourceSetCustomizer> (0x00000000d57fd460) thrown at [C:\src\AOSP-openjdk-git\hotspot\src\share\vm\classfile\systemDictionary.cpp, line 210]
Event: 1513.789 Thread 0x000000001b843800 Exception <a 'java/lang/ClassNotFoundException': java/util/LinkedHashMapBeanInfo> (0x00000000d5884e98) thrown at [C:\src\AOSP-openjdk-git\hotspot\src\share\vm\classfile\systemDictionary.cpp, line 210]
Event: 1513.789 Thread 0x000000001b843800 Exception <a 'java/lang/ClassNotFoundException': java/util/HashMapBeanInfo> (0x00000000d588d860) thrown at [C:\src\AOSP-openjdk-git\hotspot\src\share\vm\classfile\systemDictionary.cpp, line 210]
Event: 1513.789 Thread 0x000000001b843800 Exception <a 'java/lang/ClassNotFoundException': java/util/AbstractMapBeanInfo> (0x00000000d5897230) thrown at [C:\src\AOSP-openjdk-git\hotspot\src\share\vm\classfile\systemDictionary.cpp, line 210]
Event: 1513.789 Thread 0x000000001b843800 Exception <a 'java/lang/ClassNotFoundException': java/util/AbstractMapCustomizer> (0x00000000d58a0d00) thrown at [C:\src\AOSP-openjdk-git\hotspot\src\share\vm\classfile\systemDictionary.cpp, line 210]
Event: 1513.790 Thread 0x000000001b843800 Exception <a 'java/lang/ClassNotFoundException': java/util/HashMapCustomizer> (0x00000000d5ef5250) thrown at [C:\src\AOSP-openjdk-git\hotspot\src\share\vm\classfile\systemDictionary.cpp, line 210]
Event: 1513.791 Thread 0x000000001b843800 Exception <a 'java/lang/ClassNotFoundException': java/util/LinkedHashMapCustomizer> (0x00000000d5f1ad30) thrown at [C:\src\AOSP-openjdk-git\hotspot\src\share\vm\classfile\systemDictionary.cpp, line 210]
Event: 1514.100 Thread 0x000000001b843800 Exception <a 'sun/nio/fs/WindowsException'> (0x00000000d6b97298) thrown at [C:\src\AOSP-openjdk-git\hotspot\src\share\vm\prims\jni.cpp, line 710]
Event: 1514.145 Thread 0x000000001b84a000 Exception <a 'java/lang/NoSuchMethodError': <clinit>> (0x00000000d559a838) thrown at [C:\src\AOSP-openjdk-git\hotspot\src\share\vm\prims\jni.cpp, line 1615]

Events (10 events):
Event: 1514.132 Executing VM operation: RevokeBias
Event: 1514.132 Executing VM operation: RevokeBias done
Event: 1514.192 loading class org/apache/tools/ant/IntrospectionHelper
Event: 1514.192 loading class org/apache/tools/ant/IntrospectionHelper done
Event: 1514.193 loading class org/apache/tools/ant/UnsupportedElementException
Event: 1514.193 loading class org/apache/tools/ant/UnsupportedElementException done
Event: 1514.194 loading class org/apache/tools/ant/UnsupportedAttributeException
Event: 1514.194 loading class org/apache/tools/ant/UnsupportedAttributeException done
Event: 1514.194 loading class org/apache/tools/ant/IntrospectionHelper$AttributeSetter
Event: 1514.194 loading class org/apache/tools/ant/IntrospectionHelper$AttributeSetter done


Dynamic libraries:
0x00007ff78c290000 - 0x00007ff78c2c1000 	C:\Program Files\Android\Android Studio\jre\bin\java.exe
0x00007fff96e90000 - 0x00007fff9703d000 	C:\Windows\SYSTEM32\ntdll.dll
0x00007fff94a60000 - 0x00007fff94b9e000 	C:\Windows\system32\KERNEL32.DLL
0x00007fff943f0000 - 0x00007fff94505000 	C:\Windows\system32\KERNELBASE.dll
0x00007fff94760000 - 0x00007fff9480a000 	C:\Windows\system32\ADVAPI32.dll
0x00007fff96800000 - 0x00007fff96977000 	C:\Windows\system32\USER32.dll
0x00007fff920c0000 - 0x00007fff9233a000 	C:\Windows\WinSxS\amd64_microsoft.windows.common-controls_6595b64144ccf1df_6.0.9600.17810_none_6240b9c7ecbd0bda\COMCTL32.dll
0x00007fff96ad0000 - 0x00007fff96b7a000 	C:\Windows\system32\msvcrt.dll
0x00007fff94ba0000 - 0x00007fff94bf9000 	C:\Windows\SYSTEM32\sechost.dll
0x00007fff96d30000 - 0x00007fff96e71000 	C:\Windows\system32\RPCRT4.dll
0x00007fff96980000 - 0x00007fff96acb000 	C:\Windows\system32\GDI32.dll
0x00007fff96430000 - 0x00007fff96466000 	C:\Windows\system32\IMM32.DLL
0x00007fff964f0000 - 0x00007fff96642000 	C:\Windows\system32\MSCTF.dll
0x0000000067f10000 - 0x0000000067fe2000 	C:\Program Files\Android\Android Studio\jre\jre\bin\msvcr100.dll
0x0000000067ff0000 - 0x000000006883b000 	C:\Program Files\Android\Android Studio\jre\jre\bin\server\jvm.dll
0x00007fff871f0000 - 0x00007fff871f9000 	C:\Windows\SYSTEM32\WSOCK32.dll
0x00007fff8f660000 - 0x00007fff8f682000 	C:\Windows\SYSTEM32\WINMM.dll
0x00007fff8ead0000 - 0x00007fff8eada000 	C:\Windows\SYSTEM32\VERSION.dll
0x00007fff96d20000 - 0x00007fff96d27000 	C:\Windows\system32\PSAPI.DLL
0x00007fff94c80000 - 0x00007fff94cda000 	C:\Windows\system32\WS2_32.dll
0x00007fff8eff0000 - 0x00007fff8f01a000 	C:\Windows\SYSTEM32\WINMMBASE.dll
0x00007fff96e80000 - 0x00007fff96e89000 	C:\Windows\system32\NSI.dll
0x00007fff94160000 - 0x00007fff941af000 	C:\Windows\SYSTEM32\cfgmgr32.dll
0x00007fff92de0000 - 0x00007fff92e08000 	C:\Windows\SYSTEM32\DEVOBJ.dll
0x00007fff86010000 - 0x00007fff8601f000 	C:\Program Files\Android\Android Studio\jre\jre\bin\verify.dll
0x00007fff85fe0000 - 0x00007fff86009000 	C:\Program Files\Android\Android Studio\jre\jre\bin\java.dll
0x00007fff85fc0000 - 0x00007fff85fd6000 	C:\Program Files\Android\Android Studio\jre\jre\bin\zip.dll
0x00007fff94f00000 - 0x00007fff96429000 	C:\Windows\system32\SHELL32.dll
0x00007fff94ce0000 - 0x00007fff94ef2000 	C:\Windows\SYSTEM32\combase.dll
0x00007fff96490000 - 0x00007fff964e4000 	C:\Windows\system32\SHLWAPI.dll
0x00007fff92540000 - 0x00007fff925f2000 	C:\Windows\SYSTEM32\SHCORE.dll
0x00007fff93fe0000 - 0x00007fff93ff5000 	C:\Windows\SYSTEM32\profapi.dll
0x00007fff85d80000 - 0x00007fff85d9a000 	C:\Program Files\Android\Android Studio\jre\jre\bin\net.dll
0x00007fff937e0000 - 0x00007fff93839000 	C:\Windows\system32\mswsock.dll
0x00007fff840e0000 - 0x00007fff840f3000 	C:\Program Files\Android\Android Studio\jre\jre\bin\nio.dll
0x00007fff48010000 - 0x00007fff48036000 	C:\Users\SHADOWRATH\.gradle\native\31\windows-amd64\native-platform.dll
0x00007fff85fb0000 - 0x00007fff85fbd000 	C:\Program Files\Android\Android Studio\jre\jre\bin\management.dll
0x00007fff93840000 - 0x00007fff93860000 	C:\Windows\SYSTEM32\CRYPTSP.dll
0x00007fff93460000 - 0x00007fff93496000 	C:\Windows\system32\rsaenh.dll
0x00007fff93af0000 - 0x00007fff93b16000 	C:\Windows\SYSTEM32\bcrypt.dll
0x00007fff93570000 - 0x00007fff93591000 	C:\Windows\SYSTEM32\USERENV.dll
0x00007fff93de0000 - 0x00007fff93e43000 	C:\Windows\system32\bcryptprimitives.dll
0x00007fff93f50000 - 0x00007fff93f5b000 	C:\Windows\SYSTEM32\CRYPTBASE.dll
0x00007fff8e880000 - 0x00007fff8e8aa000 	C:\Windows\SYSTEM32\IPHLPAPI.DLL
0x00007fff8e870000 - 0x00007fff8e87a000 	C:\Windows\SYSTEM32\WINNSI.DLL
0x00007fff8bf60000 - 0x00007fff8bf76000 	C:\Windows\SYSTEM32\dhcpcsvc6.DLL
0x00007fff8c1e0000 - 0x00007fff8c1fa000 	C:\Windows\SYSTEM32\dhcpcsvc.DLL

VM Arguments:
jvm_args: -Xmx2048m -Dfile.encoding=windows-1252 -Duser.country=US -Duser.language=en -Duser.variant 
java_command: org.gradle.launcher.daemon.bootstrap.GradleDaemon 6.1.1
java_class_path (initial): C:\Users\SHADOWRATH\.gradle\wrapper\dists\gradle-6.1.1-all\cfmwm155h49vnt3hynmlrsdst\gradle-6.1.1\lib\gradle-launcher-6.1.1.jar
Launcher Type: SUN_STANDARD

Environment Variables:
PATH=C:\Program Files\Microsoft MPI\Bin\;C:\Program Files\Dell\DW WLAN Card;C:\Windows\system32;C:\Windows;C:\Windows\System32\Wbem;C:\Windows\System32\WindowsPowerShell\v1.0\;C:\Program Files\WIDCOMM\Bluetooth Software\;C:\Program Files\WIDCOMM\Bluetooth Software\syswow64;C:\Program Files (x86)\NVIDIA Corporation\PhysX\Common;C:\Program Files\Microsoft SQL Server\Client SDK\ODBC\130\Tools\Binn\;C:\Program Files (x86)\Microsoft SQL Server\140\Tools\Binn\;C:\Program Files\Microsoft SQL Server\140\Tools\Binn\;C:\Program Files\Microsoft SQL Server\140\DTS\Binn\;C:\Program Files (x86)\Microsoft SQL Server\150\DTS\Binn\;C:\Program Files (x86)\Microsoft SQL Server\140\DTS\Binn\;C:\Program Files\NVIDIA Corporation\NVIDIA NvDLISR\;C:\Program Files\Java\jdk13\bin;C:\Program Files\NVIDIA Corporation\NVIDIA NvDLISR;C:\Program Files\Git\cmd;C:\Program Files\MySQL\MySQL Shell 8.0\bin\;C:\Program Files\java\jdk-13.0.2\bin
USERNAME=SHADOWRATH
OS=Windows_NT
PROCESSOR_IDENTIFIER=Intel64 Family 6 Model 61 Stepping 4, GenuineIntel



---------------  S Y S T E M  ---------------

OS: Windows 8.1 , 64 bit Build 9600 (6.3.9600.17415)

CPU:total 4 (initial active 4) (2 cores per cpu, 2 threads per core) family 6 model 61 stepping 4, cmov, cx8, fxsr, mmx, sse, sse2, sse3, ssse3, sse4.1, sse4.2, popcnt, avx, avx2, aes, clmul, erms, 3dnowpref, lzcnt, ht, tsc, tscinvbit, bmi1, bmi2, adx

Memory: 4k page, physical 8297700k(1044540k free), swap 11369700k(4004k free)

vm_info: OpenJDK 64-Bit Server VM (25.242-b01) for windows-amd64 JRE (1.8.0_242-release-1644-b01), built by "builder" with MS VC++ 10.0 (VS2010)

time: Sun Aug 16 15:18:15 2020
timezone: Sri Lanka Standard Time
elapsed time: 1514 seconds (0d 0h 25m 14s)

